<?xml version="1.0" encoding="UTF-8"?>
<testng-results ignored="0" total="1" passed="1" failed="0" skipped="0">
  <reporter-output>
  </reporter-output>
  <suite started-at="2023-12-28T12:36:37 IST" name="Default suite" finished-at="2023-12-28T12:36:38 IST" duration-ms="1025">
    <groups>
    </groups>
    <test started-at="2023-12-28T12:36:37 IST" name="Default test" finished-at="2023-12-28T12:36:38 IST" duration-ms="1025">
      <class name="testcases.Login">
        <test-method signature="readExcelTest()[pri:0, instance:testcases.Login@428640fa]" started-at="2023-12-28T12:36:37 IST" name="readExcelTest" finished-at="2023-12-28T12:36:38 IST" duration-ms="954" status="PASS">
          <reporter-output>
          </reporter-output>
        </test-method> <!-- readExcelTest -->
      </class> <!-- testcases.Login -->
    </test> <!-- Default test -->
  </suite> <!-- Default suite -->
</testng-results>
